INFO:pymorphy2.opencorpora_dict.wrapper:Loading dictionaries from C:\Users\r00t\AppData\Local\Programs\Python\Python313\Lib\site-packages\pymorphy2_dicts_ru\data
INFO:pymorphy2.opencorpora_dict.wrapper:format: 2.4, revision: 417127, updated: 2020-10-11T15:05:51.070345
INFO:pymorphy3.opencorpora_dict.wrapper:Loading dictionaries from C:\Users\r00t\AppData\Local\Programs\Python\Python313\Lib\site-packages\pymorphy3_dicts_ru\data
INFO:pymorphy3.opencorpora_dict.wrapper:format: 2.4, revision: 417150, updated: 2022-01-08T22:09:24.565962
INFO:pymorphy2.opencorpora_dict.wrapper:Loading dictionaries from C:\Users\r00t\AppData\Local\Programs\Python\Python313\Lib\site-packages\pymorphy2_dicts_ru\data
INFO:pymorphy2.opencorpora_dict.wrapper:format: 2.4, revision: 417127, updated: 2020-10-11T15:05:51.070345
INFO:pymorphy3.opencorpora_dict.wrapper:Loading dictionaries from C:\Users\r00t\AppData\Local\Programs\Python\Python313\Lib\site-packages\pymorphy3_dicts_ru\data
INFO:pymorphy3.opencorpora_dict.wrapper:format: 2.4, revision: 417150, updated: 2022-01-08T22:09:24.565962
INFO:root:Загрузка файла...
INFO:root:Извлечение данных завершено
INFO:root:Время выполнения операции: 0.3775 секунд
INFO:root:Загрузка файла...
INFO:root:Извлечение данных завершено
INFO:root:Время выполнения операции: 1.2493 секунд
INFO:root:Загрузка файла...
INFO:root:Извлечение данных завершено
INFO:root:Время выполнения операции: 0.1879 секунд
INFO:root:Загрузка файла...
INFO:root:Извлечение данных завершено
INFO:root:Время выполнения операции: 0.4080 секунд
INFO:root:Загрузка файла...
INFO:root:Извлечение данных завершено
INFO:root:Время выполнения операции: 0.4622 секунд
INFO:root:Загрузка файла...
INFO:root:Извлечение данных завершено
INFO:root:Время выполнения операции: 0.8508 секунд
INFO:root:Загрузка файла...
INFO:root:Извлечение данных завершено
INFO:root:Время выполнения операции: 0.5497 секунд
INFO:root:Загрузка файла...
INFO:root:Извлечение данных завершено
INFO:root:Время выполнения операции: 0.3159 секунд
INFO:root:Загрузка файла...
INFO:root:Извлечение данных завершено
INFO:root:Время выполнения операции: 0.8253 секунд
INFO:root:Загрузка файла...
INFO:root:Извлечение данных завершено
INFO:root:Время выполнения операции: 0.5223 секунд
INFO:root:Загрузка файла...
INFO:root:Извлечение данных завершено
INFO:root:Время выполнения операции: 0.4624 секунд
INFO:root:Загрузка файла...
INFO:root:Извлечение данных завершено
INFO:root:Время выполнения операции: 0.2541 секунд
INFO:root:Загрузка файла...
INFO:root:Извлечение данных завершено
INFO:root:Время выполнения операции: 1.1930 секунд
INFO:root:Загрузка файла...
INFO:root:Извлечение данных завершено
INFO:root:Время выполнения операции: 0.2482 секунд
INFO:root:Загрузка файла...
INFO:root:Извлечение данных завершено
INFO:root:Время выполнения операции: 0.3750 секунд
INFO:root:Загрузка файла...
INFO:root:Извлечение данных завершено
INFO:root:Время выполнения операции: 1.0075 секунд
INFO:root:Загрузка файла...
INFO:root:Извлечение данных завершено
INFO:root:Время выполнения операции: 0.7872 секунд
INFO:root:Загрузка файла...
INFO:root:Извлечение данных завершено
INFO:root:Время выполнения операции: 0.6415 секунд
INFO:root:Загрузка файла...
INFO:root:Извлечение данных завершено
INFO:root:Время выполнения операции: 0.1823 секунд
INFO:root:Загрузка файла...
INFO:root:Извлечение данных завершено
INFO:root:Время выполнения операции: 0.3995 секунд
INFO:root:Загрузка файла...
INFO:root:Извлечение данных завершено
INFO:root:Время выполнения операции: 0.1573 секунд
INFO:root:Загрузка файла...
INFO:root:Извлечение данных завершено
INFO:root:Время выполнения операции: 0.6888 секунд
INFO:root:Загрузка файла...
INFO:root:Извлечение данных завершено
INFO:root:Время выполнения операции: 1.3305 секунд
INFO:root:Загрузка файла...
INFO:root:Извлечение данных завершено
INFO:root:Время выполнения операции: 0.9127 секунд
INFO:root:Загрузка файла...
INFO:root:Извлечение данных завершено
INFO:root:Время выполнения операции: 0.7216 секунд
INFO:root:Загрузка файла...
INFO:root:Извлечение данных завершено
INFO:root:Время выполнения операции: 0.6313 секунд
INFO:root:Загрузка файла...
INFO:root:Извлечение данных завершено
INFO:root:Время выполнения операции: 1.0559 секунд
INFO:root:Загрузка файла...
INFO:root:Извлечение данных завершено
INFO:root:Время выполнения операции: 0.5752 секунд
INFO:root:Загрузка файла...
INFO:root:Извлечение данных завершено
INFO:root:Время выполнения операции: 0.5830 секунд
INFO:root:Загрузка файла...
INFO:root:Извлечение данных завершено
INFO:root:Время выполнения операции: 1.1443 секунд
INFO:root:Загрузка файла...
INFO:root:Извлечение данных завершено
INFO:root:Время выполнения операции: 0.6586 секунд
INFO:root:Загрузка файла...
INFO:root:Извлечение данных завершено
INFO:root:Время выполнения операции: 0.4795 секунд
INFO:root:Загрузка файла...
INFO:root:Извлечение данных завершено
INFO:root:Время выполнения операции: 0.5991 секунд
INFO:root:Загрузка файла...
INFO:root:Извлечение данных завершено
INFO:root:Время выполнения операции: 0.7457 секунд
INFO:root:Загрузка файла...
INFO:root:Извлечение данных завершено
INFO:root:Время выполнения операции: 1.0245 секунд
INFO:root:Загрузка файла...
INFO:root:Извлечение данных завершено
INFO:root:Время выполнения операции: 0.4574 секунд
INFO:root:Загрузка файла...
INFO:root:Извлечение данных завершено
INFO:root:Время выполнения операции: 0.8693 секунд
INFO:root:Загрузка файла...
INFO:root:Извлечение данных завершено
INFO:root:Время выполнения операции: 0.4134 секунд
INFO:root:Загрузка файла...
INFO:root:Извлечение данных завершено
INFO:root:Время выполнения операции: 0.3908 секунд
INFO:root:Загрузка файла...
INFO:root:Извлечение данных завершено
INFO:root:Время выполнения операции: 0.3809 секунд
INFO:root:Загрузка файла...
INFO:root:Извлечение данных завершено
INFO:root:Время выполнения операции: 1.5882 секунд
INFO:root:Загрузка файла...
INFO:root:Извлечение данных завершено
INFO:root:Время выполнения операции: 0.4752 секунд
INFO:root:Загрузка файла...
INFO:root:Извлечение данных завершено
INFO:root:Время выполнения операции: 0.4324 секунд
INFO:root:Загрузка файла...
INFO:root:Извлечение данных завершено
INFO:root:Время выполнения операции: 0.5542 секунд
INFO:root:Загрузка файла...
INFO:root:Извлечение данных завершено
INFO:root:Время выполнения операции: 0.4307 секунд
INFO:root:Загрузка файла...
INFO:root:Извлечение данных завершено
INFO:root:Время выполнения операции: 1.0730 секунд
INFO:root:Загрузка файла...
INFO:root:Извлечение данных завершено
INFO:root:Время выполнения операции: 0.5157 секунд
INFO:root:Загрузка файла...
INFO:root:Извлечение данных завершено
INFO:root:Время выполнения операции: 0.7897 секунд
INFO:root:Загрузка файла...
INFO:root:Извлечение данных завершено
INFO:root:Время выполнения операции: 0.3951 секунд
INFO:root:Загрузка файла...
INFO:root:Извлечение данных завершено
INFO:root:Время выполнения операции: 0.5852 секунд
INFO:root:Загрузка файла...
INFO:root:Извлечение данных завершено
INFO:root:Время выполнения операции: 0.6278 секунд
INFO:root:Загрузка файла...
INFO:root:Извлечение данных завершено
INFO:root:Время выполнения операции: 0.7338 секунд
INFO:root:Загрузка файла...
INFO:root:Извлечение данных завершено
INFO:root:Время выполнения операции: 0.4815 секунд
INFO:root:Загрузка файла...
INFO:root:Извлечение данных завершено
INFO:root:Время выполнения операции: 0.3956 секунд
INFO:root:Загрузка файла...
INFO:root:Извлечение данных завершено
INFO:root:Время выполнения операции: 0.3658 секунд
INFO:root:Загрузка файла...
INFO:root:Извлечение данных завершено
INFO:root:Время выполнения операции: 0.6617 секунд
INFO:root:Загрузка файла...
INFO:root:Извлечение данных завершено
INFO:root:Время выполнения операции: 0.3958 секунд
INFO:root:Загрузка файла...
INFO:root:Извлечение данных завершено
INFO:root:Время выполнения операции: 0.1861 секунд
INFO:root:Загрузка файла...
INFO:root:Извлечение данных завершено
INFO:root:Время выполнения операции: 0.9654 секунд
INFO:root:Загрузка файла...
INFO:root:Извлечение данных завершено
INFO:root:Время выполнения операции: 2.0068 секунд
INFO:root:Загрузка файла...
INFO:root:Извлечение данных завершено
INFO:root:Время выполнения операции: 0.5261 секунд
INFO:root:Загрузка файла...
INFO:root:Извлечение данных завершено
INFO:root:Время выполнения операции: 1.1909 секунд
INFO:root:Загрузка файла...
INFO:root:Извлечение данных завершено
INFO:root:Время выполнения операции: 0.9170 секунд
INFO:root:Загрузка файла...
INFO:root:Извлечение данных завершено
INFO:root:Время выполнения операции: 0.9509 секунд
INFO:root:Загрузка файла...
INFO:root:Извлечение данных завершено
INFO:root:Время выполнения операции: 0.4616 секунд
INFO:root:Загрузка файла...
INFO:root:Извлечение данных завершено
INFO:root:Время выполнения операции: 0.3216 секунд
INFO:root:Загрузка файла...
INFO:root:Извлечение данных завершено
INFO:root:Время выполнения операции: 0.4539 секунд
INFO:root:Загрузка файла...
INFO:root:Извлечение данных завершено
INFO:root:Время выполнения операции: 0.4426 секунд
INFO:root:Загрузка файла...
INFO:root:Извлечение данных завершено
INFO:root:Время выполнения операции: 0.2979 секунд
INFO:root:Загрузка файла...
INFO:root:Извлечение данных завершено
INFO:root:Время выполнения операции: 0.7974 секунд
INFO:root:Загрузка файла...
INFO:root:Извлечение данных завершено
INFO:root:Время выполнения операции: 0.2604 секунд
INFO:root:Загрузка файла...
INFO:root:Извлечение данных завершено
INFO:root:Время выполнения операции: 5.1596 секунд
INFO:root:Загрузка файла...
INFO:root:Извлечение данных завершено
INFO:root:Время выполнения операции: 1.0189 секунд
INFO:root:Загрузка файла...
INFO:root:Извлечение данных завершено
INFO:root:Время выполнения операции: 0.4119 секунд
INFO:root:Загрузка файла...
INFO:root:Извлечение данных завершено
INFO:root:Время выполнения операции: 1.0818 секунд
INFO:root:Загрузка файла...
INFO:root:Извлечение данных завершено
INFO:root:Время выполнения операции: 0.5635 секунд
INFO:root:Загрузка файла...
INFO:root:Извлечение данных завершено
INFO:root:Время выполнения операции: 0.9999 секунд
INFO:root:Загрузка файла...
INFO:root:Извлечение данных завершено
INFO:root:Время выполнения операции: 0.4247 секунд
INFO:root:Загрузка файла...
INFO:root:Извлечение данных завершено
INFO:root:Время выполнения операции: 1.2981 секунд
INFO:root:Загрузка файла...
INFO:root:Извлечение данных завершено
INFO:root:Время выполнения операции: 0.6125 секунд
INFO:root:Загрузка файла...
INFO:root:Извлечение данных завершено
INFO:root:Время выполнения операции: 0.4703 секунд
INFO:root:Загрузка файла...
INFO:root:Извлечение данных завершено
INFO:root:Время выполнения операции: 0.8450 секунд
INFO:root:Загрузка файла...
INFO:root:Извлечение данных завершено
INFO:root:Время выполнения операции: 1.0086 секунд
INFO:root:Загрузка файла...
INFO:root:Извлечение данных завершено
INFO:root:Время выполнения операции: 0.7288 секунд
INFO:root:Загрузка файла...
INFO:root:Извлечение данных завершено
INFO:root:Время выполнения операции: 1.1924 секунд
INFO:root:Загрузка файла...
INFO:root:Извлечение данных завершено
INFO:root:Время выполнения операции: 0.3661 секунд
INFO:root:Загрузка файла...
INFO:root:Извлечение данных завершено
INFO:root:Время выполнения операции: 0.9068 секунд
INFO:root:Загрузка файла...
INFO:root:Извлечение данных завершено
INFO:root:Время выполнения операции: 0.7999 секунд
INFO:root:Загрузка файла...
INFO:root:Извлечение данных завершено
INFO:root:Время выполнения операции: 0.9214 секунд
INFO:root:Загрузка файла...
INFO:root:Извлечение данных завершено
INFO:root:Время выполнения операции: 0.4124 секунд
INFO:root:Загрузка файла...
INFO:root:Извлечение данных завершено
INFO:root:Время выполнения операции: 0.0918 секунд
INFO:root:Загрузка файла...
INFO:root:Извлечение данных завершено
INFO:root:Время выполнения операции: 0.5162 секунд
INFO:root:Загрузка файла...
INFO:root:Извлечение данных завершено
INFO:root:Время выполнения операции: 0.5699 секунд
INFO:root:Загрузка файла...
INFO:root:Извлечение данных завершено
INFO:root:Время выполнения операции: 1.0348 секунд
INFO:root:Загрузка файла...
INFO:root:Извлечение данных завершено
INFO:root:Время выполнения операции: 0.4609 секунд
INFO:root:Загрузка файла...
INFO:root:Извлечение данных завершено
INFO:root:Время выполнения операции: 0.4785 секунд
INFO:root:Загрузка файла...
INFO:root:Извлечение данных завершено
INFO:root:Время выполнения операции: 0.3542 секунд
INFO:root:Загрузка файла...
INFO:root:Извлечение данных завершено
INFO:root:Время выполнения операции: 0.2134 секунд
INFO:root:Загрузка файла...
INFO:root:Извлечение данных завершено
INFO:root:Время выполнения операции: 1.5577 секунд
INFO:root:Загрузка файла...
INFO:root:Извлечение данных завершено
INFO:root:Время выполнения операции: 0.6230 секунд
INFO:root:Загрузка файла...
INFO:root:Извлечение данных завершено
INFO:root:Время выполнения операции: 0.4196 секунд
INFO:root:Загрузка файла...
INFO:root:Извлечение данных завершено
INFO:root:Время выполнения операции: 0.3491 секунд
INFO:root:Загрузка файла...
INFO:root:Извлечение данных завершено
INFO:root:Время выполнения операции: 0.4476 секунд
INFO:root:Загрузка файла...
INFO:root:Извлечение данных завершено
INFO:root:Время выполнения операции: 0.3597 секунд
INFO:root:Загрузка файла...
INFO:root:Извлечение данных завершено
INFO:root:Время выполнения операции: 0.4857 секунд
INFO:root:Загрузка файла...
INFO:root:Извлечение данных завершено
INFO:root:Время выполнения операции: 0.4208 секунд
INFO:root:Загрузка файла...
INFO:root:Извлечение данных завершено
INFO:root:Время выполнения операции: 0.7706 секунд
INFO:root:Загрузка файла...
INFO:root:Извлечение данных завершено
INFO:root:Время выполнения операции: 1.6892 секунд
INFO:root:Загрузка файла...
INFO:root:Извлечение данных завершено
INFO:root:Время выполнения операции: 0.2417 секунд
INFO:root:Загрузка файла...
INFO:root:Извлечение данных завершено
INFO:root:Время выполнения операции: 0.4486 секунд
INFO:root:Загрузка файла...
INFO:root:Извлечение данных завершено
INFO:root:Время выполнения операции: 0.9011 секунд
INFO:root:Загрузка файла...
INFO:root:Извлечение данных завершено
INFO:root:Время выполнения операции: 0.4015 секунд
INFO:root:Загрузка файла...
INFO:root:Извлечение данных завершено
INFO:root:Время выполнения операции: 1.0970 секунд
INFO:root:Загрузка файла...
INFO:root:Извлечение данных завершено
INFO:root:Время выполнения операции: 0.4090 секунд
INFO:root:Загрузка файла...
INFO:root:Извлечение данных завершено
INFO:root:Время выполнения операции: 0.7851 секунд
INFO:root:Загрузка файла...
INFO:root:Извлечение данных завершено
INFO:root:Время выполнения операции: 0.4227 секунд
INFO:root:Загрузка файла...
INFO:root:Извлечение данных завершено
INFO:root:Время выполнения операции: 0.4878 секунд
INFO:root:Загрузка файла...
INFO:root:Извлечение данных завершено
INFO:root:Время выполнения операции: 0.2273 секунд
INFO:root:Загрузка файла...
INFO:root:Извлечение данных завершено
INFO:root:Время выполнения операции: 0.1277 секунд
INFO:root:Загрузка файла...
INFO:root:Извлечение данных завершено
INFO:root:Время выполнения операции: 0.3800 секунд
INFO:root:Загрузка файла...
INFO:root:Извлечение данных завершено
INFO:root:Время выполнения операции: 0.3709 секунд
INFO:root:Загрузка файла...
INFO:root:Извлечение данных завершено
INFO:root:Время выполнения операции: 0.2839 секунд
INFO:root:Загрузка файла...
INFO:root:Извлечение данных завершено
INFO:root:Время выполнения операции: 0.1979 секунд
INFO:root:Загрузка файла...
INFO:root:Извлечение данных завершено
INFO:root:Время выполнения операции: 0.8360 секунд
INFO:root:Загрузка файла...
INFO:root:Извлечение данных завершено
INFO:root:Время выполнения операции: 0.4961 секунд
INFO:root:Загрузка файла...
INFO:root:Извлечение данных завершено
INFO:root:Время выполнения операции: 0.6380 секунд
INFO:root:Загрузка файла...
INFO:root:Извлечение данных завершено
INFO:root:Время выполнения операции: 0.4986 секунд
INFO:root:Загрузка файла...
INFO:root:Извлечение данных завершено
INFO:root:Время выполнения операции: 0.4025 секунд
INFO:root:Загрузка файла...
INFO:root:Извлечение данных завершено
INFO:root:Время выполнения операции: 0.6652 секунд
INFO:root:Загрузка файла...
INFO:root:Извлечение данных завершено
INFO:root:Время выполнения операции: 0.3545 секунд
INFO:root:Загрузка файла...
INFO:root:Извлечение данных завершено
INFO:root:Время выполнения операции: 0.4225 секунд
INFO:root:Загрузка файла...
INFO:root:Извлечение данных завершено
INFO:root:Время выполнения операции: 0.7828 секунд
INFO:root:Загрузка файла...
INFO:root:Извлечение данных завершено
INFO:root:Время выполнения операции: 0.7161 секунд
INFO:root:Загрузка файла...
INFO:root:Извлечение данных завершено
INFO:root:Время выполнения операции: 0.6970 секунд
INFO:root:Загрузка файла...
INFO:root:Извлечение данных завершено
INFO:root:Время выполнения операции: 0.5131 секунд
INFO:root:Загрузка файла...
INFO:root:Извлечение данных завершено
INFO:root:Время выполнения операции: 0.7407 секунд
INFO:root:Загрузка файла...
INFO:root:Извлечение данных завершено
INFO:root:Время выполнения операции: 0.5595 секунд
INFO:root:Загрузка файла...
INFO:root:Извлечение данных завершено
INFO:root:Время выполнения операции: 0.4475 секунд
INFO:root:Загрузка файла...
INFO:root:Извлечение данных завершено
INFO:root:Время выполнения операции: 0.5197 секунд
INFO:root:Загрузка файла...
INFO:root:Извлечение данных завершено
INFO:root:Время выполнения операции: 0.1365 секунд
INFO:root:Загрузка файла...
INFO:root:Извлечение данных завершено
INFO:root:Время выполнения операции: 3.0205 секунд
INFO:root:Загрузка файла...
INFO:root:Извлечение данных завершено
INFO:root:Время выполнения операции: 0.4298 секунд
INFO:root:Загрузка файла...
INFO:root:Извлечение данных завершено
INFO:root:Время выполнения операции: 0.9588 секунд
INFO:root:Загрузка файла...
INFO:root:Извлечение данных завершено
INFO:root:Время выполнения операции: 0.3113 секунд
INFO:root:Загрузка файла...
INFO:root:Извлечение данных завершено
INFO:root:Время выполнения операции: 0.3681 секунд
INFO:root:Загрузка файла...
INFO:root:Извлечение данных завершено
INFO:root:Время выполнения операции: 0.5664 секунд
INFO:root:Загрузка файла...
INFO:root:Извлечение данных завершено
INFO:root:Время выполнения операции: 0.4480 секунд
INFO:root:Загрузка файла...
INFO:root:Извлечение данных завершено
INFO:root:Время выполнения операции: 0.3498 секунд
INFO:root:Загрузка файла...
INFO:root:Извлечение данных завершено
INFO:root:Время выполнения операции: 1.3746 секунд
INFO:root:Загрузка файла...
INFO:root:Извлечение данных завершено
INFO:root:Время выполнения операции: 0.7677 секунд
INFO:root:Загрузка файла...
INFO:root:Извлечение данных завершено
INFO:root:Время выполнения операции: 0.5336 секунд
INFO:root:Загрузка файла...
INFO:root:Извлечение данных завершено
INFO:root:Время выполнения операции: 1.1614 секунд
INFO:root:Загрузка файла...
INFO:root:Извлечение данных завершено
INFO:root:Время выполнения операции: 0.2740 секунд
INFO:root:Загрузка файла...
INFO:root:Извлечение данных завершено
INFO:root:Время выполнения операции: 0.6070 секунд
INFO:root:Загрузка файла...
INFO:root:Извлечение данных завершено
INFO:root:Время выполнения операции: 0.1345 секунд
INFO:root:Загрузка файла...
INFO:root:Извлечение данных завершено
INFO:root:Время выполнения операции: 0.3592 секунд
INFO:root:Загрузка файла...
INFO:root:Извлечение данных завершено
INFO:root:Время выполнения операции: 0.7338 секунд
INFO:root:Загрузка файла...
INFO:root:Извлечение данных завершено
INFO:root:Время выполнения операции: 0.5249 секунд
INFO:root:Загрузка файла...
INFO:root:Извлечение данных завершено
INFO:root:Время выполнения операции: 0.3269 секунд
INFO:root:Загрузка файла...
INFO:root:Извлечение данных завершено
INFO:root:Время выполнения операции: 0.2299 секунд
INFO:root:Загрузка файла...
INFO:root:Извлечение данных завершено
INFO:root:Время выполнения операции: 0.5250 секунд
INFO:root:Загрузка файла...
INFO:root:Извлечение данных завершено
INFO:root:Время выполнения операции: 0.3863 секунд
INFO:root:Загрузка файла...
INFO:root:Извлечение данных завершено
INFO:root:Время выполнения операции: 0.3722 секунд
INFO:root:Загрузка файла...
INFO:root:Извлечение данных завершено
INFO:root:Время выполнения операции: 0.2206 секунд
INFO:root:Загрузка файла...
INFO:root:Извлечение данных завершено
INFO:root:Время выполнения операции: 0.3193 секунд
INFO:root:Загрузка файла...
INFO:root:Извлечение данных завершено
INFO:root:Время выполнения операции: 0.5705 секунд
INFO:root:Загрузка файла...
INFO:root:Извлечение данных завершено
INFO:root:Время выполнения операции: 0.3818 секунд
INFO:root:Загрузка файла...
INFO:root:Извлечение данных завершено
INFO:root:Время выполнения операции: 0.4168 секунд
INFO:root:Загрузка файла...
INFO:root:Извлечение данных завершено
INFO:root:Время выполнения операции: 0.3099 секунд
INFO:root:Загрузка файла...
INFO:root:Извлечение данных завершено
INFO:root:Время выполнения операции: 0.5048 секунд
INFO:root:Загрузка файла...
INFO:root:Извлечение данных завершено
INFO:root:Время выполнения операции: 0.3061 секунд
INFO:root:Загрузка файла...
INFO:root:Извлечение данных завершено
INFO:root:Время выполнения операции: 0.3425 секунд
INFO:root:Загрузка файла...
INFO:root:Извлечение данных завершено
INFO:root:Время выполнения операции: 0.5947 секунд
INFO:root:Загрузка файла...
INFO:root:Извлечение данных завершено
INFO:root:Время выполнения операции: 0.3980 секунд
INFO:root:Загрузка файла...
INFO:root:Извлечение данных завершено
INFO:root:Время выполнения операции: 0.0504 секунд
INFO:root:Загрузка файла...
INFO:root:Извлечение данных завершено
INFO:root:Время выполнения операции: 0.4545 секунд
INFO:root:Загрузка файла...
INFO:root:Извлечение данных завершено
INFO:root:Время выполнения операции: 0.5263 секунд
INFO:root:Загрузка файла...
INFO:root:Извлечение данных завершено
INFO:root:Время выполнения операции: 0.2794 секунд
INFO:root:Загрузка файла...
INFO:root:Извлечение данных завершено
INFO:root:Время выполнения операции: 0.8442 секунд
INFO:root:Загрузка файла...
INFO:root:Извлечение данных завершено
INFO:root:Время выполнения операции: 0.4597 секунд
INFO:root:Загрузка файла...
INFO:root:Извлечение данных завершено
INFO:root:Время выполнения операции: 0.3896 секунд
INFO:root:Загрузка файла...
INFO:root:Извлечение данных завершено
INFO:root:Время выполнения операции: 0.2162 секунд
INFO:root:Загрузка файла...
INFO:root:Извлечение данных завершено
INFO:root:Время выполнения операции: 0.3331 секунд
INFO:root:Загрузка файла...
INFO:root:Извлечение данных завершено
INFO:root:Время выполнения операции: 0.4250 секунд
INFO:root:Загрузка файла...
INFO:root:Извлечение данных завершено
INFO:root:Время выполнения операции: 0.6757 секунд
INFO:root:Загрузка файла...
INFO:root:Извлечение данных завершено
INFO:root:Время выполнения операции: 0.2983 секунд
INFO:root:Загрузка файла...
INFO:root:Извлечение данных завершено
INFO:root:Время выполнения операции: 0.2070 секунд
INFO:root:Загрузка файла...
INFO:root:Извлечение данных завершено
INFO:root:Время выполнения операции: 0.2113 секунд
INFO:root:Загрузка файла...
INFO:root:Извлечение данных завершено
INFO:root:Время выполнения операции: 0.3852 секунд
INFO:root:Загрузка файла...
INFO:root:Извлечение данных завершено
INFO:root:Время выполнения операции: 0.4356 секунд
INFO:root:Загрузка файла...
INFO:root:Извлечение данных завершено
INFO:root:Время выполнения операции: 0.3198 секунд
INFO:root:Загрузка файла...
INFO:root:Извлечение данных завершено
INFO:root:Время выполнения операции: 0.3605 секунд
INFO:root:Загрузка файла...
INFO:root:Извлечение данных завершено
INFO:root:Время выполнения операции: 1.0071 секунд
INFO:root:Загрузка файла...
INFO:root:Извлечение данных завершено
INFO:root:Время выполнения операции: 0.3471 секунд
INFO:root:Загрузка файла...
INFO:root:Извлечение данных завершено
INFO:root:Время выполнения операции: 0.5585 секунд
INFO:root:Загрузка файла...
INFO:root:Извлечение данных завершено
INFO:root:Время выполнения операции: 1.2193 секунд
INFO:root:Загрузка файла...
INFO:root:Извлечение данных завершено
INFO:root:Время выполнения операции: 0.3439 секунд
INFO:root:Загрузка файла...
INFO:root:Извлечение данных завершено
INFO:root:Время выполнения операции: 0.1069 секунд
INFO:root:Загрузка файла...
INFO:root:Извлечение данных завершено
INFO:root:Время выполнения операции: 0.3104 секунд
INFO:root:Загрузка файла...
INFO:root:Извлечение данных завершено
INFO:root:Время выполнения операции: 0.3799 секунд
